<?xml version="1.0" encoding="UTF-8"?>
<!-- Generated by org.testng.reporters.JUnitXMLReporter -->
<testsuite ignored="2" hostname="DESKTOP-LDFQQJG" failures="0" tests="4" name="Test" time="0.096" errors="0" timestamp="2022-09-07T19:04:51 IST">
  <testcase classname="com.TimeKeeping.actiTime.Selenium.basicTestCase.ClassE" name="demo" time="0.008"/>
  <testcase classname="com.TimeKeeping.actiTime.Selenium.basicTestCase.ClassE" name="demo1" time="0.005"/>
  <testcase classname="com.TimeKeeping.actiTime.Selenium.basicTestCase.ClassF" name="demo2" time="0.002"/>
  <testcase classname="com.TimeKeeping.actiTime.Selenium.basicTestCase.ClassF" name="demo3" time="0.003"/>
  <testcase classname="com.TimeKeeping.actiTime.Selenium.genericUtility.BaseClass" name="@BeforeSuite bsConfig" time="0.0">
    <ignored/>
  </testcase> <!-- @BeforeSuite bsConfig -->
  <testcase classname="com.TimeKeeping.actiTime.Selenium.genericUtility.BaseClass" name="@AfterSuite asConfig" time="0.0">
    <ignored/>
  </testcase> <!-- @AfterSuite asConfig -->
</testsuite> <!-- Test -->
