<?xml version="1.0" encoding="UTF-8"?>
<testng-results ignored="0" total="1" passed="1" failed="0" skipped="0">
  <reporter-output>
  </reporter-output>
  <suite started-at="2022-09-14T00:33:05 IST" name="Default suite" finished-at="2022-09-14T00:33:40 IST" duration-ms="34911">
    <groups>
    </groups>
    <test started-at="2022-09-14T00:33:05 IST" name="Default test" finished-at="2022-09-14T00:33:40 IST" duration-ms="34911">
      <class name="com.TimeKeeping.actiTime.Selenium.TaskTest.ToAddNewCustomerTest2">
        <test-method is-config="true" signature="bsConfig()[pri:0, instance:com.TimeKeeping.actiTime.Selenium.TaskTest.ToAddNewCustomerTest2@f736069]" started-at="2022-09-14T00:33:05 IST" name="bsConfig" finished-at="2022-09-14T00:33:05 IST" duration-ms="10" status="PASS">
          <reporter-output>
          </reporter-output>
        </test-method> <!-- bsConfig -->
        <test-method is-config="true" signature="bcConfig()[pri:0, instance:com.TimeKeeping.actiTime.Selenium.TaskTest.ToAddNewCustomerTest2@f736069]" started-at="2022-09-14T00:33:05 IST" name="bcConfig" finished-at="2022-09-14T00:33:26 IST" duration-ms="20145" status="PASS">
          <reporter-output>
          </reporter-output>
        </test-method> <!-- bcConfig -->
        <test-method is-config="true" signature="bmConfig()[pri:0, instance:com.TimeKeeping.actiTime.Selenium.TaskTest.ToAddNewCustomerTest2@f736069]" started-at="2022-09-14T00:33:26 IST" name="bmConfig" finished-at="2022-09-14T00:33:26 IST" duration-ms="402" status="PASS">
          <reporter-output>
          </reporter-output>
        </test-method> <!-- bmConfig -->
        <test-method signature="addCustomerInTaskTest()[pri:0, instance:com.TimeKeeping.actiTime.Selenium.TaskTest.ToAddNewCustomerTest2@f736069]" started-at="2022-09-14T00:33:26 IST" name="addCustomerInTaskTest" finished-at="2022-09-14T00:33:39 IST" duration-ms="12653" status="PASS">
          <reporter-output>
          </reporter-output>
        </test-method> <!-- addCustomerInTaskTest -->
        <test-method is-config="true" signature="amConfig()[pri:0, instance:com.TimeKeeping.actiTime.Selenium.TaskTest.ToAddNewCustomerTest2@f736069]" started-at="2022-09-14T00:33:39 IST" name="amConfig" finished-at="2022-09-14T00:33:40 IST" duration-ms="1244" status="PASS">
          <reporter-output>
          </reporter-output>
        </test-method> <!-- amConfig -->
        <test-method is-config="true" signature="acConfig()[pri:0, instance:com.TimeKeeping.actiTime.Selenium.TaskTest.ToAddNewCustomerTest2@f736069]" started-at="2022-09-14T00:33:40 IST" name="acConfig" finished-at="2022-09-14T00:33:40 IST" duration-ms="403" status="PASS">
          <reporter-output>
          </reporter-output>
        </test-method> <!-- acConfig -->
        <test-method is-config="true" signature="asConfig()[pri:0, instance:com.TimeKeeping.actiTime.Selenium.TaskTest.ToAddNewCustomerTest2@f736069]" started-at="2022-09-14T00:33:40 IST" name="asConfig" finished-at="2022-09-14T00:33:40 IST" duration-ms="0" status="PASS">
          <reporter-output>
          </reporter-output>
        </test-method> <!-- asConfig -->
      </class> <!-- com.TimeKeeping.actiTime.Selenium.TaskTest.ToAddNewCustomerTest2 -->
    </test> <!-- Default test -->
  </suite> <!-- Default suite -->
</testng-results>
