<?xml version="1.0" encoding="UTF-8"?>
<testng-results ignored="0" total="1" passed="1" failed="0" skipped="0">
  <reporter-output>
  </reporter-output>
  <suite started-at="2022-09-13T23:32:07 IST" name="Default suite" finished-at="2022-09-13T23:33:17 IST" duration-ms="70202">
    <groups>
    </groups>
    <test started-at="2022-09-13T23:32:07 IST" name="Default test" finished-at="2022-09-13T23:33:17 IST" duration-ms="70202">
      <class name="com.TimeKeeping.actiTime.Selenium.TaskTest.ToAddNewCustomerTest2">
        <test-method signature="addCustomerInTaskTest()[pri:0, instance:com.TimeKeeping.actiTime.Selenium.TaskTest.ToAddNewCustomerTest2@66498326]" started-at="2022-09-13T23:32:07 IST" name="addCustomerInTaskTest" finished-at="2022-09-13T23:33:17 IST" duration-ms="70136" status="PASS">
          <reporter-output>
          </reporter-output>
        </test-method> <!-- addCustomerInTaskTest -->
      </class> <!-- com.TimeKeeping.actiTime.Selenium.TaskTest.ToAddNewCustomerTest2 -->
    </test> <!-- Default test -->
  </suite> <!-- Default suite -->
</testng-results>
